  Main.cpp
I:\New folder\Main Screen\clsString.h(39,25): warning C4267: 'return': conversion from 'size_t' to 'short', possible loss of data
  (compiling source file 'Main.cpp')
  
I:\New folder\Main Screen\clsString.h(44,29): warning C4267: 'return': conversion from 'size_t' to 'short', possible loss of data
  (compiling source file 'Main.cpp')
  
I:\New folder\Main Screen\clsString.h(56,30): warning C4267: '=': conversion from 'size_t' to 'short', possible loss of data
  (compiling source file 'Main.cpp')
  
I:\New folder\Main Screen\clsString.h(193,29): warning C4267: 'return': conversion from 'size_t' to 'short', possible loss of data
  (compiling source file 'Main.cpp')
  
I:\New folder\Main Screen\clsString.h(324,30): warning C4267: '=': conversion from 'size_t' to 'short', possible loss of data
  (compiling source file 'Main.cpp')
  
I:\New folder\Main Screen\clsString.h(372,22): warning C4267: 'initializing': conversion from 'size_t' to 'short', possible loss of data
  (compiling source file 'Main.cpp')
  
I:\New folder\Main Screen\clsUtil.h(64,5): warning C4102: 'defualt': unreferenced label
  (compiling source file 'Main.cpp')
  
I:\New folder\Main Screen\clsUser.h(197,12): warning C4240: nonstandard extension used: access to 'clsUser::stLoginRegisterRecord' now defined to be 'public', previously it was defined to be 'private'
  (compiling source file 'Main.cpp')
  I:\New folder\Main Screen\clsUser.h(25,12):
  see declaration of 'clsUser::stLoginRegisterRecord'
  
I:\New folder\Main Screen\clsInputValidate.h(108,22): warning C4244: 'initializing': conversion from 'double' to 'float', possible loss of data
  (compiling source file 'Main.cpp')
  
I:\New folder\Main Screen\clsInputValidate.h(113,35): warning C4244: '=': conversion from 'double' to 'float', possible loss of data
  (compiling source file 'Main.cpp')
  
I:\New folder\Main Screen\clsBankClient.h(206,12): warning C4240: nonstandard extension used: access to 'clsBankClient::stTrnsferLogRecord' now defined to be 'public', previously it was defined to be 'private'
  (compiling source file 'Main.cpp')
  I:\New folder\Main Screen\clsBankClient.h(152,12):
  see declaration of 'clsBankClient::stTrnsferLogRecord'
  
I:\New folder\Main Screen\clsBankClient.h(28,65): warning C4244: 'argument': conversion from 'double' to 'float', possible loss of data
  (compiling source file 'Main.cpp')
  
I:\New folder\Main Screen\clsBankClient.h(162,39): warning C4244: '=': conversion from 'double' to 'float', possible loss of data
  (compiling source file 'Main.cpp')
  
I:\New folder\Main Screen\clsBankClient.h(163,48): warning C4244: '=': conversion from 'double' to 'float', possible loss of data
  (compiling source file 'Main.cpp')
  
I:\New folder\Main Screen\clsBankClient.h(164,49): warning C4244: '=': conversion from 'double' to 'float', possible loss of data
  (compiling source file 'Main.cpp')
  
I:\New folder\Main Screen\clsBankClient.h(421,28): warning C4244: '+=': conversion from 'double' to 'float', possible loss of data
  (compiling source file 'Main.cpp')
  
I:\New folder\Main Screen\clsBankClient.h(434,32): warning C4244: '-=': conversion from 'double' to 'float', possible loss of data
  (compiling source file 'Main.cpp')
  
I:\New folder\Main Screen\clsAddNewClientScreen.h(30,66): warning C4244: 'argument': conversion from 'double' to 'float', possible loss of data
  (compiling source file 'Main.cpp')
  
I:\New folder\Main Screen\clsUpdateClientScreen.h(47,66): warning C4244: 'argument': conversion from 'double' to 'float', possible loss of data
  (compiling source file 'Main.cpp')
  
I:\New folder\Main Screen\clsTotalBalancesScreen.h(57,82): warning C4244: 'argument': conversion from 'double' to 'int', possible loss of data
  (compiling source file 'Main.cpp')
  
I:\New folder\Main Screen\clsTransferScreen.h(42,51): warning C4244: '=': conversion from 'double' to 'float', possible loss of data
  (compiling source file 'Main.cpp')
  
I:\New folder\Main Screen\clsTransferScreen.h(47,53): warning C4244: '=': conversion from 'double' to 'float', possible loss of data
  (compiling source file 'Main.cpp')
  
I:\New folder\Main Screen\clsCurrency.h(27,17): warning C4244: 'argument': conversion from 'double' to 'float', possible loss of data
  (compiling source file 'Main.cpp')
  
I:\New folder\Main Screen\clsUpdateCurrencyRateScreen.h(17,52): warning C4244: '=': conversion from 'double' to 'float', possible loss of data
  (compiling source file 'Main.cpp')
  
I:\New folder\Main Screen\clsCurrencyCalculatorScreen.h(17,51): warning C4244: '=': conversion from 'double' to 'float', possible loss of data
  (compiling source file 'Main.cpp')
  
I:\New folder\Main Screen\clsBankClient.h(376): warning C4715: 'clsBankClient::Save': not all control paths return a value
I:\New folder\Main Screen\clsUser.h(359): warning C4715: 'clsUser::Save': not all control paths return a value
I:\New folder\Main Screen\clsBankClient.h(438): warning C4715: 'clsBankClient::Withdraw': not all control paths return a value
  Main Screen.vcxproj -> I:\New folder\x64\Debug\Main Screen.exe
